Engine::processInputQuery: Input query (before preprocessing): 320 equations, 612 variables
Engine::processInputQuery: Input query (after preprocessing): 11 equations, 926 variables

Input bounds:
	x0: [ -0.3010,  -0.3010] [FIXED]
	x1: [ -0.0000,  -0.0000] [FIXED]
	x2: [  0.4967,   0.4967] [FIXED]
	x3: [  0.4000,   0.4000] [FIXED]
	x4: [  0.4000,   0.4000] [FIXED]


--------------------------------------------
Warning: your license will expire in 11 days
--------------------------------------------

Academic license - for non-commercial use only

--------------------------------------------
Warning: your license will expire in 11 days
--------------------------------------------

Academic license - for non-commercial use only

--------------------------------------------
Warning: your license will expire in 11 days
--------------------------------------------

Academic license - for non-commercial use only

--------------------------------------------
Warning: your license will expire in 11 days
--------------------------------------------

Academic license - for non-commercial use only

--------------------------------------------
Warning: your license will expire in 11 days
--------------------------------------------

Academic license - for non-commercial use only

--------------------------------------------
Warning: your license will expire in 11 days
--------------------------------------------

Academic license - for non-commercial use only

--------------------------------------------
Warning: your license will expire in 11 days
--------------------------------------------

Academic license - for non-commercial use only

--------------------------------------------
Warning: your license will expire in 11 days
--------------------------------------------

Academic license - for non-commercial use only

--------------------------------------------
Warning: your license will expire in 11 days
--------------------------------------------

Academic license - for non-commercial use only

--------------------------------------------
Warning: your license will expire in 11 days
--------------------------------------------

Academic license - for non-commercial use only

--------------------------------------------
Warning: your license will expire in 11 days
--------------------------------------------

Academic license - for non-commercial use only

--------------------------------------------
Warning: your license will expire in 11 days
--------------------------------------------

Academic license - for non-commercial use only

--------------------------------------------
Warning: your license will expire in 11 days
--------------------------------------------

Academic license - for non-commercial use only

--------------------------------------------
Warning: your license will expire in 11 days
--------------------------------------------

Academic license - for non-commercial use only

--------------------------------------------
Warning: your license will expire in 11 days
--------------------------------------------

Academic license - for non-commercial use only

--------------------------------------------
Warning: your license will expire in 11 days
--------------------------------------------

Academic license - for non-commercial use only

--------------------------------------------
Warning: your license will expire in 11 days
--------------------------------------------

Academic license - for non-commercial use only

--------------------------------------------
Warning: your license will expire in 11 days
--------------------------------------------

Academic license - for non-commercial use only

--------------------------------------------
Warning: your license will expire in 11 days
--------------------------------------------

Academic license - for non-commercial use only

--------------------------------------------
Warning: your license will expire in 11 days
--------------------------------------------

Academic license - for non-commercial use only

--------------------------------------------
Warning: your license will expire in 11 days
--------------------------------------------

Academic license - for non-commercial use only

--------------------------------------------
Warning: your license will expire in 11 days
--------------------------------------------

Academic license - for non-commercial use only

--------------------------------------------
Warning: your license will expire in 11 days
--------------------------------------------

Academic license - for non-commercial use only

--------------------------------------------
Warning: your license will expire in 11 days
--------------------------------------------

Academic license - for non-commercial use only

--------------------------------------------
Warning: your license will expire in 11 days
--------------------------------------------

Academic license - for non-commercial use only

--------------------------------------------
Warning: your license will expire in 11 days
--------------------------------------------

Academic license - for non-commercial use only

--------------------------------------------
Warning: your license will expire in 11 days
--------------------------------------------

Academic license - for non-commercial use only

--------------------------------------------
Warning: your license will expire in 11 days
--------------------------------------------

Academic license - for non-commercial use only

--------------------------------------------
Warning: your license will expire in 11 days
--------------------------------------------

Academic license - for non-commercial use only

--------------------------------------------
Warning: your license will expire in 11 days
--------------------------------------------

Academic license - for non-commercial use only

--------------------------------------------
Warning: your license will expire in 11 days
--------------------------------------------

Academic license - for non-commercial use only

--------------------------------------------
Warning: your license will expire in 11 days
--------------------------------------------

Academic license - for non-commercial use only

--------------------------------------------
Warning: your license will expire in 11 days
--------------------------------------------

Academic license - for non-commercial use only

--------------------------------------------
Warning: your license will expire in 11 days
--------------------------------------------

Academic license - for non-commercial use only

--------------------------------------------
Warning: your license will expire in 11 days
--------------------------------------------

Academic license - for non-commercial use only

--------------------------------------------
Warning: your license will expire in 11 days
--------------------------------------------

Academic license - for non-commercial use only

--------------------------------------------
Warning: your license will expire in 11 days
--------------------------------------------

Academic license - for non-commercial use only

--------------------------------------------
Warning: your license will expire in 11 days
--------------------------------------------

Academic license - for non-commercial use only

--------------------------------------------
Warning: your license will expire in 11 days
--------------------------------------------

Academic license - for non-commercial use only

--------------------------------------------
Warning: your license will expire in 11 days
--------------------------------------------

Academic license - for non-commercial use only

--------------------------------------------
Warning: your license will expire in 11 days
--------------------------------------------

Academic license - for non-commercial use only

--------------------------------------------
Warning: your license will expire in 11 days
--------------------------------------------

Academic license - for non-commercial use only

--------------------------------------------
Warning: your license will expire in 11 days
--------------------------------------------

Academic license - for non-commercial use only

--------------------------------------------
Warning: your license will expire in 11 days
--------------------------------------------

Academic license - for non-commercial use only

--------------------------------------------
Warning: your license will expire in 11 days
--------------------------------------------

Academic license - for non-commercial use only

--------------------------------------------
Warning: your license will expire in 11 days
--------------------------------------------

Academic license - for non-commercial use only

--------------------------------------------
Warning: your license will expire in 11 days
--------------------------------------------

Academic license - for non-commercial use only

--------------------------------------------
Warning: your license will expire in 11 days
--------------------------------------------

Academic license - for non-commercial use only

--------------------------------------------
Warning: your license will expire in 11 days
--------------------------------------------

Academic license - for non-commercial use only

--------------------------------------------
Warning: your license will expire in 11 days
--------------------------------------------

Academic license - for non-commercial use only

--------------------------------------------
Warning: your license will expire in 11 days
--------------------------------------------

Academic license - for non-commercial use only

--------------------------------------------
Warning: your license will expire in 11 days
--------------------------------------------

Academic license - for non-commercial use only

--------------------------------------------
Warning: your license will expire in 11 days
--------------------------------------------

Academic license - for non-commercial use only

--------------------------------------------
Warning: your license will expire in 11 days
--------------------------------------------

Academic license - for non-commercial use only

--------------------------------------------
Warning: your license will expire in 11 days
--------------------------------------------

Academic license - for non-commercial use only

--------------------------------------------
Warning: your license will expire in 11 days
--------------------------------------------

Academic license - for non-commercial use only

--------------------------------------------
Warning: your license will expire in 11 days
--------------------------------------------

Academic license - for non-commercial use only

--------------------------------------------
Warning: your license will expire in 11 days
--------------------------------------------

Academic license - for non-commercial use only

--------------------------------------------
Warning: your license will expire in 11 days
--------------------------------------------

Academic license - for non-commercial use only

--------------------------------------------
Warning: your license will expire in 11 days
--------------------------------------------

Academic license - for non-commercial use only

--------------------------------------------
Warning: your license will expire in 11 days
--------------------------------------------

Academic license - for non-commercial use only

--------------------------------------------
Warning: your license will expire in 11 days
--------------------------------------------

Academic license - for non-commercial use only

--------------------------------------------
Warning: your license will expire in 11 days
--------------------------------------------

Academic license - for non-commercial use only

--------------------------------------------
Warning: your license will expire in 11 days
--------------------------------------------

Academic license - for non-commercial use only

--------------------------------------------
Warning: your license will expire in 11 days
--------------------------------------------

Academic license - for non-commercial use only

--------------------------------------------
Warning: your license will expire in 11 days
--------------------------------------------

Academic license - for non-commercial use only

--------------------------------------------
Warning: your license will expire in 11 days
--------------------------------------------

Academic license - for non-commercial use only

--------------------------------------------
Warning: your license will expire in 11 days
--------------------------------------------

Academic license - for non-commercial use only

--------------------------------------------
Warning: your license will expire in 11 days
--------------------------------------------

Academic license - for non-commercial use only

--------------------------------------------
Warning: your license will expire in 11 days
--------------------------------------------

Academic license - for non-commercial use only

--------------------------------------------
Warning: your license will expire in 11 days
--------------------------------------------

Academic license - for non-commercial use only

--------------------------------------------
Warning: your license will expire in 11 days
--------------------------------------------

Academic license - for non-commercial use only

--------------------------------------------
Warning: your license will expire in 11 days
--------------------------------------------

Academic license - for non-commercial use only

--------------------------------------------
Warning: your license will expire in 11 days
--------------------------------------------

Academic license - for non-commercial use only

--------------------------------------------
Warning: your license will expire in 11 days
--------------------------------------------

Academic license - for non-commercial use only

--------------------------------------------
Warning: your license will expire in 11 days
--------------------------------------------

Academic license - for non-commercial use only

--------------------------------------------
Warning: your license will expire in 11 days
--------------------------------------------

Academic license - for non-commercial use only

--------------------------------------------
Warning: your license will expire in 11 days
--------------------------------------------

Academic license - for non-commercial use only

--------------------------------------------
Warning: your license will expire in 11 days
--------------------------------------------

Academic license - for non-commercial use only

--------------------------------------------
Warning: your license will expire in 11 days
--------------------------------------------

Academic license - for non-commercial use only

--------------------------------------------
Warning: your license will expire in 11 days
--------------------------------------------

Academic license - for non-commercial use only

--------------------------------------------
Warning: your license will expire in 11 days
--------------------------------------------

Academic license - for non-commercial use only

--------------------------------------------
Warning: your license will expire in 11 days
--------------------------------------------

Academic license - for non-commercial use only

--------------------------------------------
Warning: your license will expire in 11 days
--------------------------------------------

Academic license - for non-commercial use only

--------------------------------------------
Warning: your license will expire in 11 days
--------------------------------------------

Academic license - for non-commercial use only

--------------------------------------------
Warning: your license will expire in 11 days
--------------------------------------------

Academic license - for non-commercial use only

--------------------------------------------
Warning: your license will expire in 11 days
--------------------------------------------

Academic license - for non-commercial use only

--------------------------------------------
Warning: your license will expire in 11 days
--------------------------------------------

Academic license - for non-commercial use only

--------------------------------------------
Warning: your license will expire in 11 days
--------------------------------------------

Academic license - for non-commercial use only

--------------------------------------------
Warning: your license will expire in 11 days
--------------------------------------------

Academic license - for non-commercial use only

--------------------------------------------
Warning: your license will expire in 11 days
--------------------------------------------

Academic license - for non-commercial use only

--------------------------------------------
Warning: your license will expire in 11 days
--------------------------------------------

Academic license - for non-commercial use only

--------------------------------------------
Warning: your license will expire in 11 days
--------------------------------------------

Academic license - for non-commercial use only

--------------------------------------------
Warning: your license will expire in 11 days
--------------------------------------------

Academic license - for non-commercial use only

--------------------------------------------
Warning: your license will expire in 11 days
--------------------------------------------

Academic license - for non-commercial use only

--------------------------------------------
Warning: your license will expire in 11 days
--------------------------------------------

Academic license - for non-commercial use only

--------------------------------------------
Warning: your license will expire in 11 days
--------------------------------------------

Academic license - for non-commercial use only

--------------------------------------------
Warning: your license will expire in 11 days
--------------------------------------------

Academic license - for non-commercial use only

--------------------------------------------
Warning: your license will expire in 11 days
--------------------------------------------

Academic license - for non-commercial use only

--------------------------------------------
Warning: your license will expire in 11 days
--------------------------------------------

Academic license - for non-commercial use only

--------------------------------------------
Warning: your license will expire in 11 days
--------------------------------------------

Academic license - for non-commercial use only

--------------------------------------------
Warning: your license will expire in 11 days
--------------------------------------------

Academic license - for non-commercial use only

--------------------------------------------
Warning: your license will expire in 11 days
--------------------------------------------

Academic license - for non-commercial use only

--------------------------------------------
Warning: your license will expire in 11 days
--------------------------------------------

Academic license - for non-commercial use only

--------------------------------------------
Warning: your license will expire in 11 days
--------------------------------------------

Academic license - for non-commercial use only

--------------------------------------------
Warning: your license will expire in 11 days
--------------------------------------------

Academic license - for non-commercial use only

--------------------------------------------
Warning: your license will expire in 11 days
--------------------------------------------

Academic license - for non-commercial use only

--------------------------------------------
Warning: your license will expire in 11 days
--------------------------------------------

Academic license - for non-commercial use only

--------------------------------------------
Warning: your license will expire in 11 days
--------------------------------------------

Academic license - for non-commercial use only

--------------------------------------------
Warning: your license will expire in 11 days
--------------------------------------------

Academic license - for non-commercial use only

--------------------------------------------
Warning: your license will expire in 11 days
--------------------------------------------

Academic license - for non-commercial use only

--------------------------------------------
Warning: your license will expire in 11 days
--------------------------------------------

Academic license - for non-commercial use only

--------------------------------------------
Warning: your license will expire in 11 days
--------------------------------------------

Academic license - for non-commercial use only

--------------------------------------------
Warning: your license will expire in 11 days
--------------------------------------------

Academic license - for non-commercial use only

--------------------------------------------
Warning: your license will expire in 11 days
--------------------------------------------

Academic license - for non-commercial use only

--------------------------------------------
Warning: your license will expire in 11 days
--------------------------------------------

Academic license - for non-commercial use only

--------------------------------------------
Warning: your license will expire in 11 days
--------------------------------------------

Academic license - for non-commercial use only

--------------------------------------------
Warning: your license will expire in 11 days
--------------------------------------------

Academic license - for non-commercial use only

--------------------------------------------
Warning: your license will expire in 11 days
--------------------------------------------

Academic license - for non-commercial use only

--------------------------------------------
Warning: your license will expire in 11 days
--------------------------------------------

Academic license - for non-commercial use only

--------------------------------------------
Warning: your license will expire in 11 days
--------------------------------------------

Academic license - for non-commercial use only

--------------------------------------------
Warning: your license will expire in 11 days
--------------------------------------------

Academic license - for non-commercial use only

--------------------------------------------
Warning: your license will expire in 11 days
--------------------------------------------

Academic license - for non-commercial use only

--------------------------------------------
Warning: your license will expire in 11 days
--------------------------------------------

Academic license - for non-commercial use only

--------------------------------------------
Warning: your license will expire in 11 days
--------------------------------------------

Academic license - for non-commercial use only

--------------------------------------------
Warning: your license will expire in 11 days
--------------------------------------------

Academic license - for non-commercial use only

--------------------------------------------
Warning: your license will expire in 11 days
--------------------------------------------

Academic license - for non-commercial use only

--------------------------------------------
Warning: your license will expire in 11 days
--------------------------------------------

Academic license - for non-commercial use only

--------------------------------------------
Warning: your license will expire in 11 days
--------------------------------------------

Academic license - for non-commercial use only

--------------------------------------------
Warning: your license will expire in 11 days
--------------------------------------------

Academic license - for non-commercial use only

--------------------------------------------
Warning: your license will expire in 11 days
--------------------------------------------

Academic license - for non-commercial use only

--------------------------------------------
Warning: your license will expire in 11 days
--------------------------------------------

Academic license - for non-commercial use only

--------------------------------------------
Warning: your license will expire in 11 days
--------------------------------------------

Academic license - for non-commercial use only

--------------------------------------------
Warning: your license will expire in 11 days
--------------------------------------------

Academic license - for non-commercial use only

--------------------------------------------
Warning: your license will expire in 11 days
--------------------------------------------

Academic license - for non-commercial use only

--------------------------------------------
Warning: your license will expire in 11 days
--------------------------------------------

Academic license - for non-commercial use only

--------------------------------------------
Warning: your license will expire in 11 days
--------------------------------------------

Academic license - for non-commercial use only

--------------------------------------------
Warning: your license will expire in 11 days
--------------------------------------------

Academic license - for non-commercial use only

--------------------------------------------
Warning: your license will expire in 11 days
--------------------------------------------

Academic license - for non-commercial use only

--------------------------------------------
Warning: your license will expire in 11 days
--------------------------------------------

Academic license - for non-commercial use only

--------------------------------------------
Warning: your license will expire in 11 days
--------------------------------------------

Academic license - for non-commercial use only

--------------------------------------------
Warning: your license will expire in 11 days
--------------------------------------------

Academic license - for non-commercial use only

--------------------------------------------
Warning: your license will expire in 11 days
--------------------------------------------

Academic license - for non-commercial use only

--------------------------------------------
Warning: your license will expire in 11 days
--------------------------------------------

Academic license - for non-commercial use only

--------------------------------------------
Warning: your license will expire in 11 days
--------------------------------------------

Academic license - for non-commercial use only

--------------------------------------------
Warning: your license will expire in 11 days
--------------------------------------------

Academic license - for non-commercial use only

--------------------------------------------
Warning: your license will expire in 11 days
--------------------------------------------

Academic license - for non-commercial use only

--------------------------------------------
Warning: your license will expire in 11 days
--------------------------------------------

Academic license - for non-commercial use only

--------------------------------------------
Warning: your license will expire in 11 days
--------------------------------------------

Academic license - for non-commercial use only

--------------------------------------------
Warning: your license will expire in 11 days
--------------------------------------------

Academic license - for non-commercial use only

--------------------------------------------
Warning: your license will expire in 11 days
--------------------------------------------

Academic license - for non-commercial use only

--------------------------------------------
Warning: your license will expire in 11 days
--------------------------------------------

Academic license - for non-commercial use only

--------------------------------------------
Warning: your license will expire in 11 days
--------------------------------------------

Academic license - for non-commercial use only

--------------------------------------------
Warning: your license will expire in 11 days
--------------------------------------------

Academic license - for non-commercial use only

--------------------------------------------
Warning: your license will expire in 11 days
--------------------------------------------

Academic license - for non-commercial use only

--------------------------------------------
Warning: your license will expire in 11 days
--------------------------------------------

Academic license - for non-commercial use only

--------------------------------------------
Warning: your license will expire in 11 days
--------------------------------------------

Academic license - for non-commercial use only

--------------------------------------------
Warning: your license will expire in 11 days
--------------------------------------------

Academic license - for non-commercial use only

--------------------------------------------
Warning: your license will expire in 11 days
--------------------------------------------

Academic license - for non-commercial use only

--------------------------------------------
Warning: your license will expire in 11 days
--------------------------------------------

Academic license - for non-commercial use only

--------------------------------------------
Warning: your license will expire in 11 days
--------------------------------------------

Academic license - for non-commercial use only

--------------------------------------------
Warning: your license will expire in 11 days
--------------------------------------------

Academic license - for non-commercial use only

--------------------------------------------
Warning: your license will expire in 11 days
--------------------------------------------

Academic license - for non-commercial use only

--------------------------------------------
Warning: your license will expire in 11 days
--------------------------------------------

Academic license - for non-commercial use only

--------------------------------------------
Warning: your license will expire in 11 days
--------------------------------------------

Academic license - for non-commercial use only

--------------------------------------------
Warning: your license will expire in 11 days
--------------------------------------------

Academic license - for non-commercial use only

--------------------------------------------
Warning: your license will expire in 11 days
--------------------------------------------

Academic license - for non-commercial use only

--------------------------------------------
Warning: your license will expire in 11 days
--------------------------------------------

Academic license - for non-commercial use only

--------------------------------------------
Warning: your license will expire in 11 days
--------------------------------------------

Academic license - for non-commercial use only

--------------------------------------------
Warning: your license will expire in 11 days
--------------------------------------------

Academic license - for non-commercial use only

--------------------------------------------
Warning: your license will expire in 11 days
--------------------------------------------

Academic license - for non-commercial use only

--------------------------------------------
Warning: your license will expire in 11 days
--------------------------------------------

Academic license - for non-commercial use only

--------------------------------------------
Warning: your license will expire in 11 days
--------------------------------------------

Academic license - for non-commercial use only

--------------------------------------------
Warning: your license will expire in 11 days
--------------------------------------------

Academic license - for non-commercial use only

--------------------------------------------
Warning: your license will expire in 11 days
--------------------------------------------

Academic license - for non-commercial use only

--------------------------------------------
Warning: your license will expire in 11 days
--------------------------------------------

Academic license - for non-commercial use only

--------------------------------------------
Warning: your license will expire in 11 days
--------------------------------------------

Academic license - for non-commercial use only

--------------------------------------------
Warning: your license will expire in 11 days
--------------------------------------------

Academic license - for non-commercial use only

--------------------------------------------
Warning: your license will expire in 11 days
--------------------------------------------

Academic license - for non-commercial use only

--------------------------------------------
Warning: your license will expire in 11 days
--------------------------------------------

Academic license - for non-commercial use only

--------------------------------------------
Warning: your license will expire in 11 days
--------------------------------------------

Academic license - for non-commercial use only

--------------------------------------------
Warning: your license will expire in 11 days
--------------------------------------------

Academic license - for non-commercial use only

--------------------------------------------
Warning: your license will expire in 11 days
--------------------------------------------

Academic license - for non-commercial use only

--------------------------------------------
Warning: your license will expire in 11 days
--------------------------------------------

Academic license - for non-commercial use only

--------------------------------------------
Warning: your license will expire in 11 days
--------------------------------------------

Academic license - for non-commercial use only

--------------------------------------------
Warning: your license will expire in 11 days
--------------------------------------------

Academic license - for non-commercial use only

--------------------------------------------
Warning: your license will expire in 11 days
--------------------------------------------

Academic license - for non-commercial use only

--------------------------------------------
Warning: your license will expire in 11 days
--------------------------------------------

Academic license - for non-commercial use only

--------------------------------------------
Warning: your license will expire in 11 days
--------------------------------------------

Academic license - for non-commercial use only

--------------------------------------------
Warning: your license will expire in 11 days
--------------------------------------------

Academic license - for non-commercial use only

--------------------------------------------
Warning: your license will expire in 11 days
--------------------------------------------

Academic license - for non-commercial use only

--------------------------------------------
Warning: your license will expire in 11 days
--------------------------------------------

Academic license - for non-commercial use only

--------------------------------------------
Warning: your license will expire in 11 days
--------------------------------------------

Academic license - for non-commercial use only

--------------------------------------------
Warning: your license will expire in 11 days
--------------------------------------------

Academic license - for non-commercial use only

--------------------------------------------
Warning: your license will expire in 11 days
--------------------------------------------

Academic license - for non-commercial use only

--------------------------------------------
Warning: your license will expire in 11 days
--------------------------------------------

Academic license - for non-commercial use only

--------------------------------------------
Warning: your license will expire in 11 days
--------------------------------------------

Academic license - for non-commercial use only

--------------------------------------------
Warning: your license will expire in 11 days
--------------------------------------------

Academic license - for non-commercial use only

--------------------------------------------
Warning: your license will expire in 11 days
--------------------------------------------

Academic license - for non-commercial use only

--------------------------------------------
Warning: your license will expire in 11 days
--------------------------------------------

Academic license - for non-commercial use only

--------------------------------------------
Warning: your license will expire in 11 days
--------------------------------------------

Academic license - for non-commercial use only

--------------------------------------------
Warning: your license will expire in 11 days
--------------------------------------------

Academic license - for non-commercial use only

--------------------------------------------
Warning: your license will expire in 11 days
--------------------------------------------

Academic license - for non-commercial use only

--------------------------------------------
Warning: your license will expire in 11 days
--------------------------------------------

Academic license - for non-commercial use only

--------------------------------------------
Warning: your license will expire in 11 days
--------------------------------------------

Academic license - for non-commercial use only

--------------------------------------------
Warning: your license will expire in 11 days
--------------------------------------------

Academic license - for non-commercial use only

--------------------------------------------
Warning: your license will expire in 11 days
--------------------------------------------

Academic license - for non-commercial use only

--------------------------------------------
Warning: your license will expire in 11 days
--------------------------------------------

Academic license - for non-commercial use only

--------------------------------------------
Warning: your license will expire in 11 days
--------------------------------------------

Academic license - for non-commercial use only

--------------------------------------------
Warning: your license will expire in 11 days
--------------------------------------------

Academic license - for non-commercial use only

--------------------------------------------
Warning: your license will expire in 11 days
--------------------------------------------

Academic license - for non-commercial use only

--------------------------------------------
Warning: your license will expire in 11 days
--------------------------------------------

Academic license - for non-commercial use only

--------------------------------------------
Warning: your license will expire in 11 days
--------------------------------------------

Academic license - for non-commercial use only

--------------------------------------------
Warning: your license will expire in 11 days
--------------------------------------------

Academic license - for non-commercial use only

--------------------------------------------
Warning: your license will expire in 11 days
--------------------------------------------

Academic license - for non-commercial use only

--------------------------------------------
Warning: your license will expire in 11 days
--------------------------------------------

Academic license - for non-commercial use only

--------------------------------------------
Warning: your license will expire in 11 days
--------------------------------------------

Academic license - for non-commercial use only

--------------------------------------------
Warning: your license will expire in 11 days
--------------------------------------------

Academic license - for non-commercial use only

--------------------------------------------
Warning: your license will expire in 11 days
--------------------------------------------

Academic license - for non-commercial use only

--------------------------------------------
Warning: your license will expire in 11 days
--------------------------------------------

Academic license - for non-commercial use only

--------------------------------------------
Warning: your license will expire in 11 days
--------------------------------------------

Academic license - for non-commercial use only

--------------------------------------------
Warning: your license will expire in 11 days
--------------------------------------------

Academic license - for non-commercial use only

--------------------------------------------
Warning: your license will expire in 11 days
--------------------------------------------

Academic license - for non-commercial use only

--------------------------------------------
Warning: your license will expire in 11 days
--------------------------------------------

Academic license - for non-commercial use only

--------------------------------------------
Warning: your license will expire in 11 days
--------------------------------------------

Academic license - for non-commercial use only

--------------------------------------------
Warning: your license will expire in 11 days
--------------------------------------------

Academic license - for non-commercial use only

--------------------------------------------
Warning: your license will expire in 11 days
--------------------------------------------

Academic license - for non-commercial use only

--------------------------------------------
Warning: your license will expire in 11 days
--------------------------------------------

Academic license - for non-commercial use only

--------------------------------------------
Warning: your license will expire in 11 days
--------------------------------------------

Academic license - for non-commercial use only

--------------------------------------------
Warning: your license will expire in 11 days
--------------------------------------------

Academic license - for non-commercial use only

--------------------------------------------
Warning: your license will expire in 11 days
--------------------------------------------

Academic license - for non-commercial use only

--------------------------------------------
Warning: your license will expire in 11 days
--------------------------------------------

Academic license - for non-commercial use only

--------------------------------------------
Warning: your license will expire in 11 days
--------------------------------------------

Academic license - for non-commercial use only

--------------------------------------------
Warning: your license will expire in 11 days
--------------------------------------------

Academic license - for non-commercial use only

--------------------------------------------
Warning: your license will expire in 11 days
--------------------------------------------

Academic license - for non-commercial use only

--------------------------------------------
Warning: your license will expire in 11 days
--------------------------------------------

Academic license - for non-commercial use only

--------------------------------------------
Warning: your license will expire in 11 days
--------------------------------------------

Academic license - for non-commercial use only

--------------------------------------------
Warning: your license will expire in 11 days
--------------------------------------------

Academic license - for non-commercial use only

--------------------------------------------
Warning: your license will expire in 11 days
--------------------------------------------

Academic license - for non-commercial use only

--------------------------------------------
Warning: your license will expire in 11 days
--------------------------------------------

Academic license - for non-commercial use only

--------------------------------------------
Warning: your license will expire in 11 days
--------------------------------------------

Academic license - for non-commercial use only

--------------------------------------------
Warning: your license will expire in 11 days
--------------------------------------------

Academic license - for non-commercial use only

--------------------------------------------
Warning: your license will expire in 11 days
--------------------------------------------

Academic license - for non-commercial use only

--------------------------------------------
Warning: your license will expire in 11 days
--------------------------------------------

Academic license - for non-commercial use only

--------------------------------------------
Warning: your license will expire in 11 days
--------------------------------------------

Academic license - for non-commercial use only

--------------------------------------------
Warning: your license will expire in 11 days
--------------------------------------------

Academic license - for non-commercial use only

--------------------------------------------
Warning: your license will expire in 11 days
--------------------------------------------

Academic license - for non-commercial use only

--------------------------------------------
Warning: your license will expire in 11 days
--------------------------------------------

Academic license - for non-commercial use only

--------------------------------------------
Warning: your license will expire in 11 days
--------------------------------------------

Academic license - for non-commercial use only

--------------------------------------------
Warning: your license will expire in 11 days
--------------------------------------------

Academic license - for non-commercial use only

--------------------------------------------
Warning: your license will expire in 11 days
--------------------------------------------

Academic license - for non-commercial use only

--------------------------------------------
Warning: your license will expire in 11 days
--------------------------------------------

Academic license - for non-commercial use only

--------------------------------------------
Warning: your license will expire in 11 days
--------------------------------------------

Academic license - for non-commercial use only

--------------------------------------------
Warning: your license will expire in 11 days
--------------------------------------------

Academic license - for non-commercial use only

--------------------------------------------
Warning: your license will expire in 11 days
--------------------------------------------

Academic license - for non-commercial use only

--------------------------------------------
Warning: your license will expire in 11 days
--------------------------------------------

Academic license - for non-commercial use only

--------------------------------------------
Warning: your license will expire in 11 days
--------------------------------------------

Academic license - for non-commercial use only

--------------------------------------------
Warning: your license will expire in 11 days
--------------------------------------------

Academic license - for non-commercial use only

--------------------------------------------
Warning: your license will expire in 11 days
--------------------------------------------

Academic license - for non-commercial use only

--------------------------------------------
Warning: your license will expire in 11 days
--------------------------------------------

Academic license - for non-commercial use only

--------------------------------------------
Warning: your license will expire in 11 days
--------------------------------------------

Academic license - for non-commercial use only

--------------------------------------------
Warning: your license will expire in 11 days
--------------------------------------------

Academic license - for non-commercial use only

--------------------------------------------
Warning: your license will expire in 11 days
--------------------------------------------

Academic license - for non-commercial use only

--------------------------------------------
Warning: your license will expire in 11 days
--------------------------------------------

Academic license - for non-commercial use only

--------------------------------------------
Warning: your license will expire in 11 days
--------------------------------------------

Academic license - for non-commercial use only

--------------------------------------------
Warning: your license will expire in 11 days
--------------------------------------------

Academic license - for non-commercial use only

--------------------------------------------
Warning: your license will expire in 11 days
--------------------------------------------

Academic license - for non-commercial use only

--------------------------------------------
Warning: your license will expire in 11 days
--------------------------------------------

Academic license - for non-commercial use only

--------------------------------------------
Warning: your license will expire in 11 days
--------------------------------------------

Academic license - for non-commercial use only

--------------------------------------------
Warning: your license will expire in 11 days
--------------------------------------------

Academic license - for non-commercial use only

--------------------------------------------
Warning: your license will expire in 11 days
--------------------------------------------

Academic license - for non-commercial use only

--------------------------------------------
Warning: your license will expire in 11 days
--------------------------------------------

Academic license - for non-commercial use only

--------------------------------------------
Warning: your license will expire in 11 days
--------------------------------------------

Academic license - for non-commercial use only

--------------------------------------------
Warning: your license will expire in 11 days
--------------------------------------------

Academic license - for non-commercial use only

--------------------------------------------
Warning: your license will expire in 11 days
--------------------------------------------

Academic license - for non-commercial use only

--------------------------------------------
Warning: your license will expire in 11 days
--------------------------------------------

Academic license - for non-commercial use only

--------------------------------------------
Warning: your license will expire in 11 days
--------------------------------------------

Academic license - for non-commercial use only

--------------------------------------------
Warning: your license will expire in 11 days
--------------------------------------------

Academic license - for non-commercial use only

--------------------------------------------
Warning: your license will expire in 11 days
--------------------------------------------

Academic license - for non-commercial use only

--------------------------------------------
Warning: your license will expire in 11 days
--------------------------------------------

Academic license - for non-commercial use only

--------------------------------------------
Warning: your license will expire in 11 days
--------------------------------------------

Academic license - for non-commercial use only

--------------------------------------------
Warning: your license will expire in 11 days
--------------------------------------------

Academic license - for non-commercial use only

--------------------------------------------
Warning: your license will expire in 11 days
--------------------------------------------

Academic license - for non-commercial use only

--------------------------------------------
Warning: your license will expire in 11 days
--------------------------------------------

Academic license - for non-commercial use only

--------------------------------------------
Warning: your license will expire in 11 days
--------------------------------------------

Academic license - for non-commercial use only

--------------------------------------------
Warning: your license will expire in 11 days
--------------------------------------------

Academic license - for non-commercial use only

--------------------------------------------
Warning: your license will expire in 11 days
--------------------------------------------

Academic license - for non-commercial use only

--------------------------------------------
Warning: your license will expire in 11 days
--------------------------------------------

Academic license - for non-commercial use only

--------------------------------------------
Warning: your license will expire in 11 days
--------------------------------------------

Academic license - for non-commercial use only

--------------------------------------------
Warning: your license will expire in 11 days
--------------------------------------------

Academic license - for non-commercial use only

--------------------------------------------
Warning: your license will expire in 11 days
--------------------------------------------

Academic license - for non-commercial use only

--------------------------------------------
Warning: your license will expire in 11 days
--------------------------------------------

Academic license - for non-commercial use only

--------------------------------------------
Warning: your license will expire in 11 days
--------------------------------------------

Academic license - for non-commercial use only

--------------------------------------------
Warning: your license will expire in 11 days
--------------------------------------------

Academic license - for non-commercial use only

--------------------------------------------
Warning: your license will expire in 11 days
--------------------------------------------

Academic license - for non-commercial use only

--------------------------------------------
Warning: your license will expire in 11 days
--------------------------------------------

Academic license - for non-commercial use only

--------------------------------------------
Warning: your license will expire in 11 days
--------------------------------------------

Academic license - for non-commercial use only

--------------------------------------------
Warning: your license will expire in 11 days
--------------------------------------------

Academic license - for non-commercial use only

--------------------------------------------
Warning: your license will expire in 11 days
--------------------------------------------

Academic license - for non-commercial use only

--------------------------------------------
Warning: your license will expire in 11 days
--------------------------------------------

Academic license - for non-commercial use only

--------------------------------------------
Warning: your license will expire in 11 days
--------------------------------------------

Academic license - for non-commercial use only

--------------------------------------------
Warning: your license will expire in 11 days
--------------------------------------------

Academic license - for non-commercial use only

--------------------------------------------
Warning: your license will expire in 11 days
--------------------------------------------

Academic license - for non-commercial use only

--------------------------------------------
Warning: your license will expire in 11 days
--------------------------------------------

Academic license - for non-commercial use only

--------------------------------------------
Warning: your license will expire in 11 days
--------------------------------------------

Academic license - for non-commercial use only

--------------------------------------------
Warning: your license will expire in 11 days
--------------------------------------------

Academic license - for non-commercial use only

--------------------------------------------
Warning: your license will expire in 11 days
--------------------------------------------

Academic license - for non-commercial use only

--------------------------------------------
Warning: your license will expire in 11 days
--------------------------------------------

Academic license - for non-commercial use only

--------------------------------------------
Warning: your license will expire in 11 days
--------------------------------------------

Academic license - for non-commercial use only

--------------------------------------------
Warning: your license will expire in 11 days
--------------------------------------------

Academic license - for non-commercial use only

--------------------------------------------
Warning: your license will expire in 11 days
--------------------------------------------

Academic license - for non-commercial use only

--------------------------------------------
Warning: your license will expire in 11 days
--------------------------------------------

Academic license - for non-commercial use only

--------------------------------------------
Warning: your license will expire in 11 days
--------------------------------------------

Academic license - for non-commercial use only

--------------------------------------------
Warning: your license will expire in 11 days
--------------------------------------------

Academic license - for non-commercial use only

--------------------------------------------
Warning: your license will expire in 11 days
--------------------------------------------

Academic license - for non-commercial use only

--------------------------------------------
Warning: your license will expire in 11 days
--------------------------------------------

Academic license - for non-commercial use only

--------------------------------------------
Warning: your license will expire in 11 days
--------------------------------------------

Academic license - for non-commercial use only

--------------------------------------------
Warning: your license will expire in 11 days
--------------------------------------------

Academic license - for non-commercial use only

--------------------------------------------
Warning: your license will expire in 11 days
--------------------------------------------

Academic license - for non-commercial use only

--------------------------------------------
Warning: your license will expire in 11 days
--------------------------------------------

Academic license - for non-commercial use only

--------------------------------------------
Warning: your license will expire in 11 days
--------------------------------------------

Academic license - for non-commercial use only

--------------------------------------------
Warning: your license will expire in 11 days
--------------------------------------------

Academic license - for non-commercial use only

--------------------------------------------
Warning: your license will expire in 11 days
--------------------------------------------

Academic license - for non-commercial use only

--------------------------------------------
Warning: your license will expire in 11 days
--------------------------------------------

Academic license - for non-commercial use only

--------------------------------------------
Warning: your license will expire in 11 days
--------------------------------------------

Academic license - for non-commercial use only

--------------------------------------------
Warning: your license will expire in 11 days
--------------------------------------------

Academic license - for non-commercial use only

--------------------------------------------
Warning: your license will expire in 11 days
--------------------------------------------

Academic license - for non-commercial use only

--------------------------------------------
Warning: your license will expire in 11 days
--------------------------------------------

Academic license - for non-commercial use only

--------------------------------------------
Warning: your license will expire in 11 days
--------------------------------------------

Academic license - for non-commercial use only

--------------------------------------------
Warning: your license will expire in 11 days
--------------------------------------------

Academic license - for non-commercial use only

--------------------------------------------
Warning: your license will expire in 11 days
--------------------------------------------

Academic license - for non-commercial use only

--------------------------------------------
Warning: your license will expire in 11 days
--------------------------------------------

Academic license - for non-commercial use only

--------------------------------------------
Warning: your license will expire in 11 days
--------------------------------------------

Academic license - for non-commercial use only

--------------------------------------------
Warning: your license will expire in 11 days
--------------------------------------------

Academic license - for non-commercial use only

--------------------------------------------
Warning: your license will expire in 11 days
--------------------------------------------

Academic license - for non-commercial use only

--------------------------------------------
Warning: your license will expire in 11 days
--------------------------------------------

Academic license - for non-commercial use only

--------------------------------------------
Warning: your license will expire in 11 days
--------------------------------------------

Academic license - for non-commercial use only

--------------------------------------------
Warning: your license will expire in 11 days
--------------------------------------------

Academic license - for non-commercial use only

--------------------------------------------
Warning: your license will expire in 11 days
--------------------------------------------

Academic license - for non-commercial use only

--------------------------------------------
Warning: your license will expire in 11 days
--------------------------------------------

Academic license - for non-commercial use only

--------------------------------------------
Warning: your license will expire in 11 days
--------------------------------------------

Academic license - for non-commercial use only

--------------------------------------------
Warning: your license will expire in 11 days
--------------------------------------------

Academic license - for non-commercial use only

--------------------------------------------
Warning: your license will expire in 11 days
--------------------------------------------

Academic license - for non-commercial use only

--------------------------------------------
Warning: your license will expire in 11 days
--------------------------------------------

Academic license - for non-commercial use only

--------------------------------------------
Warning: your license will expire in 11 days
--------------------------------------------

Academic license - for non-commercial use only

--------------------------------------------
Warning: your license will expire in 11 days
--------------------------------------------

Academic license - for non-commercial use only

--------------------------------------------
Warning: your license will expire in 11 days
--------------------------------------------

Academic license - for non-commercial use only

--------------------------------------------
Warning: your license will expire in 11 days
--------------------------------------------

Academic license - for non-commercial use only

--------------------------------------------
Warning: your license will expire in 11 days
--------------------------------------------

Academic license - for non-commercial use only

--------------------------------------------
Warning: your license will expire in 11 days
--------------------------------------------

Academic license - for non-commercial use only

--------------------------------------------
Warning: your license will expire in 11 days
--------------------------------------------

Academic license - for non-commercial use only

--------------------------------------------
Warning: your license will expire in 11 days
--------------------------------------------

Academic license - for non-commercial use only

--------------------------------------------
Warning: your license will expire in 11 days
--------------------------------------------

Academic license - for non-commercial use only

--------------------------------------------
Warning: your license will expire in 11 days
--------------------------------------------

Academic license - for non-commercial use only

--------------------------------------------
Warning: your license will expire in 11 days
--------------------------------------------

Academic license - for non-commercial use only

--------------------------------------------
Warning: your license will expire in 11 days
--------------------------------------------

Academic license - for non-commercial use only

--------------------------------------------
Warning: your license will expire in 11 days
--------------------------------------------

Academic license - for non-commercial use only

--------------------------------------------
Warning: your license will expire in 11 days
--------------------------------------------

Academic license - for non-commercial use only

--------------------------------------------
Warning: your license will expire in 11 days
--------------------------------------------

Academic license - for non-commercial use only

--------------------------------------------
Warning: your license will expire in 11 days
--------------------------------------------

Academic license - for non-commercial use only

--------------------------------------------
Warning: your license will expire in 11 days
--------------------------------------------

Academic license - for non-commercial use only

--------------------------------------------
Warning: your license will expire in 11 days
--------------------------------------------

Academic license - for non-commercial use only

--------------------------------------------
Warning: your license will expire in 11 days
--------------------------------------------

Academic license - for non-commercial use only

--------------------------------------------
Warning: your license will expire in 11 days
--------------------------------------------

Academic license - for non-commercial use only

--------------------------------------------
Warning: your license will expire in 11 days
--------------------------------------------

Academic license - for non-commercial use only

--------------------------------------------
Warning: your license will expire in 11 days
--------------------------------------------

Academic license - for non-commercial use only

--------------------------------------------
Warning: your license will expire in 11 days
--------------------------------------------

Academic license - for non-commercial use only

--------------------------------------------
Warning: your license will expire in 11 days
--------------------------------------------

Academic license - for non-commercial use only

--------------------------------------------
Warning: your license will expire in 11 days
--------------------------------------------

Academic license - for non-commercial use only

--------------------------------------------
Warning: your license will expire in 11 days
--------------------------------------------

Academic license - for non-commercial use only

--------------------------------------------
Warning: your license will expire in 11 days
--------------------------------------------

Academic license - for non-commercial use only

--------------------------------------------
Warning: your license will expire in 11 days
--------------------------------------------

Academic license - for non-commercial use only

--------------------------------------------
Warning: your license will expire in 11 days
--------------------------------------------

Academic license - for non-commercial use only

--------------------------------------------
Warning: your license will expire in 11 days
--------------------------------------------

Academic license - for non-commercial use only

--------------------------------------------
Warning: your license will expire in 11 days
--------------------------------------------

Academic license - for non-commercial use only

--------------------------------------------
Warning: your license will expire in 11 days
--------------------------------------------

Academic license - for non-commercial use only

--------------------------------------------
Warning: your license will expire in 11 days
--------------------------------------------

Academic license - for non-commercial use only

--------------------------------------------
Warning: your license will expire in 11 days
--------------------------------------------

Academic license - for non-commercial use only

--------------------------------------------
Warning: your license will expire in 11 days
--------------------------------------------

Academic license - for non-commercial use only

--------------------------------------------
Warning: your license will expire in 11 days
--------------------------------------------

Academic license - for non-commercial use only

--------------------------------------------
Warning: your license will expire in 11 days
--------------------------------------------

Academic license - for non-commercial use only

--------------------------------------------
Warning: your license will expire in 11 days
--------------------------------------------

Academic license - for non-commercial use only

--------------------------------------------
Warning: your license will expire in 11 days
--------------------------------------------

Academic license - for non-commercial use only

--------------------------------------------
Warning: your license will expire in 11 days
--------------------------------------------

Academic license - for non-commercial use only

--------------------------------------------
Warning: your license will expire in 11 days
--------------------------------------------

Academic license - for non-commercial use only

--------------------------------------------
Warning: your license will expire in 11 days
--------------------------------------------

Academic license - for non-commercial use only

--------------------------------------------
Warning: your license will expire in 11 days
--------------------------------------------

Academic license - for non-commercial use only

--------------------------------------------
Warning: your license will expire in 11 days
--------------------------------------------

Academic license - for non-commercial use only

--------------------------------------------
Warning: your license will expire in 11 days
--------------------------------------------

Academic license - for non-commercial use only

--------------------------------------------
Warning: your license will expire in 11 days
--------------------------------------------

Academic license - for non-commercial use only

--------------------------------------------
Warning: your license will expire in 11 days
--------------------------------------------

Academic license - for non-commercial use only

--------------------------------------------
Warning: your license will expire in 11 days
--------------------------------------------

Academic license - for non-commercial use only

--------------------------------------------
Warning: your license will expire in 11 days
--------------------------------------------

Academic license - for non-commercial use only

--------------------------------------------
Warning: your license will expire in 11 days
--------------------------------------------

Academic license - for non-commercial use only

--------------------------------------------
Warning: your license will expire in 11 days
--------------------------------------------

Academic license - for non-commercial use only

--------------------------------------------
Warning: your license will expire in 11 days
--------------------------------------------

Academic license - for non-commercial use only

--------------------------------------------
Warning: your license will expire in 11 days
--------------------------------------------

Academic license - for non-commercial use only

--------------------------------------------
Warning: your license will expire in 11 days
--------------------------------------------

Academic license - for non-commercial use only

--------------------------------------------
Warning: your license will expire in 11 days
--------------------------------------------

Academic license - for non-commercial use only

--------------------------------------------
Warning: your license will expire in 11 days
--------------------------------------------

Academic license - for non-commercial use only

--------------------------------------------
Warning: your license will expire in 11 days
--------------------------------------------

Academic license - for non-commercial use only

--------------------------------------------
Warning: your license will expire in 11 days
--------------------------------------------

Academic license - for non-commercial use only

--------------------------------------------
Warning: your license will expire in 11 days
--------------------------------------------

Academic license - for non-commercial use only

--------------------------------------------
Warning: your license will expire in 11 days
--------------------------------------------

Academic license - for non-commercial use only

--------------------------------------------
Warning: your license will expire in 11 days
--------------------------------------------

Academic license - for non-commercial use only

--------------------------------------------
Warning: your license will expire in 11 days
--------------------------------------------

Academic license - for non-commercial use only

--------------------------------------------
Warning: your license will expire in 11 days
--------------------------------------------

Academic license - for non-commercial use only

--------------------------------------------
Warning: your license will expire in 11 days
--------------------------------------------

Academic license - for non-commercial use only

--------------------------------------------
Warning: your license will expire in 11 days
--------------------------------------------

Academic license - for non-commercial use only

--------------------------------------------
Warning: your license will expire in 11 days
--------------------------------------------

Academic license - for non-commercial use only

--------------------------------------------
Warning: your license will expire in 11 days
--------------------------------------------

Academic license - for non-commercial use only

--------------------------------------------
Warning: your license will expire in 11 days
--------------------------------------------

Academic license - for non-commercial use only

--------------------------------------------
Warning: your license will expire in 11 days
--------------------------------------------

Academic license - for non-commercial use only

--------------------------------------------
Warning: your license will expire in 11 days
--------------------------------------------

Academic license - for non-commercial use only

--------------------------------------------
Warning: your license will expire in 11 days
--------------------------------------------

Academic license - for non-commercial use only

--------------------------------------------
Warning: your license will expire in 11 days
--------------------------------------------

Academic license - for non-commercial use only

--------------------------------------------
Warning: your license will expire in 11 days
--------------------------------------------

Academic license - for non-commercial use only

--------------------------------------------
Warning: your license will expire in 11 days
--------------------------------------------

Academic license - for non-commercial use only

--------------------------------------------
Warning: your license will expire in 11 days
--------------------------------------------

Academic license - for non-commercial use only

--------------------------------------------
Warning: your license will expire in 11 days
--------------------------------------------

Academic license - for non-commercial use only

--------------------------------------------
Warning: your license will expire in 11 days
--------------------------------------------

Academic license - for non-commercial use only

--------------------------------------------
Warning: your license will expire in 11 days
--------------------------------------------

Academic license - for non-commercial use only

--------------------------------------------
Warning: your license will expire in 11 days
--------------------------------------------

Academic license - for non-commercial use only

--------------------------------------------
Warning: your license will expire in 11 days
--------------------------------------------

Academic license - for non-commercial use only

--------------------------------------------
Warning: your license will expire in 11 days
--------------------------------------------

Academic license - for non-commercial use only

--------------------------------------------
Warning: your license will expire in 11 days
--------------------------------------------

Academic license - for non-commercial use only

--------------------------------------------
Warning: your license will expire in 11 days
--------------------------------------------

Academic license - for non-commercial use only

--------------------------------------------
Warning: your license will expire in 11 days
--------------------------------------------

Academic license - for non-commercial use only

--------------------------------------------
Warning: your license will expire in 11 days
--------------------------------------------

Academic license - for non-commercial use only

--------------------------------------------
Warning: your license will expire in 11 days
--------------------------------------------

Academic license - for non-commercial use only

--------------------------------------------
Warning: your license will expire in 11 days
--------------------------------------------

Academic license - for non-commercial use only

--------------------------------------------
Warning: your license will expire in 11 days
--------------------------------------------

Academic license - for non-commercial use only

--------------------------------------------
Warning: your license will expire in 11 days
--------------------------------------------

Academic license - for non-commercial use only

--------------------------------------------
Warning: your license will expire in 11 days
--------------------------------------------

Academic license - for non-commercial use only

--------------------------------------------
Warning: your license will expire in 11 days
--------------------------------------------

Academic license - for non-commercial use only

--------------------------------------------
Warning: your license will expire in 11 days
--------------------------------------------

Academic license - for non-commercial use only

--------------------------------------------
Warning: your license will expire in 11 days
--------------------------------------------

Academic license - for non-commercial use only

--------------------------------------------
Warning: your license will expire in 11 days
--------------------------------------------

Academic license - for non-commercial use only
Optimize: 0
Engine::Solving SAT Problem
Engine::solve: Initial statistics

---

Engine::solve: SAT assignment found

14:02:07 Statistics update:
	--- Time Statistics ---
	Total time elapsed: 4621 milli (00:00:04)
		Main loop: 0 milli (00:00:00)
		Preprocessing time: 4620 milli (00:00:04)
		Unknown: 1 milli (00:00:00)
	Breakdown for main loop:
		[0.00%] Simplex steps: 0 milli
		[13700.00%] Explicit-basis bound tightening: 0 milli
		[0.00%] Constraint-matrix bound tightening: 0 milli
		[0.00%] Degradation checking: 0 milli
		[0.00%] Precision restoration: 0 milli
		[400.00%] Statistics handling: 0 milli
		[0.00%] Constraint-fixing steps: 0 milli
		[615100.00%] Valid case splits: 6 milli. Average per split: 6.00 milli
		[0.00%] Applying stored bound-tightening: 0 milli
		[0.00%] SMT core: 0 milli
		[0.00%] Symbolic Bound Tightening: 0 milli
		[1844674407370954637312.00%] Unaccounted for: 0 milli
	--- Preprocessor Statistics ---
	Number of preprocessor bound-tightening loop iterations: 8
	Number of eliminated variables: 0
	Number of constraints removed due to variable elimination: 0
	Number of equations removed due to variable elimination: 0
	--- Engine Statistics ---
	Number of main loop iterations: 1
		0 iterations were simplex steps. Total time: 0 milli. Average: 0.00 milli.
		0 iterations were constraint-fixing steps. Total time: 0 milli. Average: 0.00 milli
	Number of active piecewise-linear constraints: 0 / 300
		Constraints disabled by valid splits: 300. By SMT-originated splits: 0
	Last reported degradation: 0.0000000000. Max degradation so far: 0.0000000000. Restorations so far: 0
	Number of simplex pivots we attempted to skip because of instability: 0.
	Unstable pivots performed anyway: 0
	--- Tableau Statistics ---
	Total number of pivots performed: 0
		Real pivots: 0. Degenerate: 0 (0.00%)
		Degenerate pivots by request (e.g., to fix a PL constraint): 0 (0.00%)
		Average time per pivot: 0.00 milli
	Total number of fake pivots performed: 0
	Total number of rows added: 0. Number of merged columns: 0
	Current tableau dimensions: M = 11, N = 937
	--- SMT Core Statistics ---
	Total depth is 0. Total visited states: 1. Number of splits: 0. Number of pops: 0
	Max stack depth: 0
	--- Bound Tightening Statistics ---
	Number of tightened bounds: 0.
		Number of rows examined by row tightener: 0. Consequent tightenings: 0
		Number of explicit basis matrices examined by row tightener: 1. Consequent tightenings: 0
		Number of bound tightening rounds on the entire constraint matrix: 0. Consequent tightenings: 0
		Number of bound notifications sent to PL constraints: 0. Tightenings proposed: 0
	--- Basis Factorization statistics ---
	Number of basis refactorizations: 2
	--- Projected Steepest Edge Statistics ---
	Number of iterations: 0.
	Number of resets to reference space: 1. Avg. iterations per reset: 0
	--- SBT ---
	Number of tightened bounds: 0
